2025-01-02 22:03:42 - Math_mode - INFO - 函數表達式 f(x) = x**2 - 2*x + 1 初始化成功
2025-01-02 22:03:42 - Math_mode - INFO - 1 階導數計算成功: 2*x - 2
2025-01-02 22:03:42 - Math_mode - INFO - 函數表達式 f(x) = 2*x - 2 初始化成功
2025-01-02 22:03:42 - Math_mode - INFO - 函數在 x = 0 處的值為 -2.0
2025-01-02 22:03:42 - Math_mode - INFO - 函數在 x = 1 處的值為 0.0
2025-01-02 22:03:42 - Math_mode - INFO - 函數在 x = 2 處的值為 2.0
2025-01-02 22:03:42 - Math_mode - INFO - 函數表達式 f(x) = 2*x + 1 初始化成功
2025-01-02 22:03:42 - Math_mode - INFO - 定積分從 0 到 1 的值為 2.0
2025-01-02 22:03:42 - Math_mode - INFO - 函數表達式 f(x) = x**2 - 2*x + 1 初始化成功
2025-01-02 22:03:42 - Math_mode - INFO - 極限計算在 x -> 1 (both) 的值為 0.0
2025-01-02 22:03:42 - Math_mode - INFO - 函數表達式 f(x) = x**2 - 2*x + 1 初始化成功
2025-01-02 22:03:42 - Math_mode - INFO - 在 x = 0 處的 2 階泰勒展開成功
2025-01-02 22:03:42 - Math_mode - INFO - 函數表達式 f(x) = 1 - 2*x 初始化成功
2025-01-02 22:03:42 - Math_mode - INFO - 函數在 x = 0 處的值為 1.0
2025-01-02 22:03:42 - Math_mode - INFO - 函數在 x = 0 處的值為 1.0
2025-01-02 22:03:42 - Math_mode - INFO - 函數在 x = -0.1 處的值為 1.2
2025-01-02 22:03:42 - Math_mode - INFO - 函數在 x = -0.1 處的值為 1.21
2025-01-02 22:03:42 - Math_mode - INFO - 函數在 x = -0.05 處的值為 1.1
2025-01-02 22:03:42 - Math_mode - INFO - 函數在 x = -0.05 處的值為 1.1025
2025-01-02 22:03:42 - Math_mode - INFO - 函數在 x = 0.05 處的值為 0.9
2025-01-02 22:03:42 - Math_mode - INFO - 函數在 x = 0.05 處的值為 0.9025
2025-01-02 22:03:42 - Math_mode - INFO - 函數在 x = 0.1 處的值為 0.8
2025-01-02 22:03:42 - Math_mode - INFO - 函數在 x = 0.1 處的值為 0.81
2025-01-02 22:03:42 - Math_mode - INFO - 函數在 x = 0 處的值為 1.0
2025-01-02 22:03:42 - Math_mode - INFO - 函數在 x = 1e-05 處的值為 0.99998
2025-01-02 22:03:42 - Math_mode - INFO - 函數在 x = 0 處的值為 1.0
2025-01-02 22:03:42 - Math_mode - INFO - 函數表達式 f(x) = x**2 - 2*x + 1 初始化成功
2025-01-02 22:03:42 - Math_mode - INFO - 1 階導數計算成功: 2*x - 2
2025-01-02 22:03:42 - Math_mode - INFO - 函數表達式 f(x) = 2*x - 2 初始化成功
2025-01-02 22:03:42 - Math_mode - INFO - 找到的臨界點: [1.0]
2025-01-02 22:03:42 - Math_mode - INFO - 矩陣初始化成功，維度為 2x2
2025-01-02 22:03:42 - Math_mode - INFO - 矩陣初始化成功，維度為 2x2
2025-01-02 22:03:42 - Math_mode - INFO - 矩陣初始化成功，維度為 2x2
2025-01-02 22:03:42 - Math_mode - INFO - 矩陣加法成功
2025-01-02 22:03:42 - Math_mode - INFO - 矩陣初始化成功，維度為 2x2
2025-01-02 22:03:42 - Math_mode - INFO - 獲取矩陣第 0 行: [2 4]
2025-01-02 22:03:42 - Math_mode - INFO - 獲取矩陣第 1 行: [6 8]
2025-01-02 22:03:42 - Math_mode - INFO - 矩陣乘法成功 : {result}
2025-01-02 22:03:42 - Math_mode - INFO - 矩陣初始化成功，維度為 2x2
2025-01-02 22:03:42 - Math_mode - INFO - 獲取矩陣第 0 行: [ 7 10]
2025-01-02 22:03:42 - Math_mode - INFO - 獲取矩陣第 1 行: [15 22]
2025-01-02 22:03:42 - Math_mode - INFO - 矩陣初始化成功，維度為 2x2
2025-01-02 22:03:42 - Math_mode - INFO - 行列式計算成功: -2
2025-01-02 22:03:42 - Math_mode - INFO - 矩陣初始化成功，維度為 2x2
2025-01-02 22:03:42 - Math_mode - INFO - 獲取矩陣元素數量: 4
2025-01-02 22:03:42 - Math_mode - INFO - 獲取矩陣維度: 2x2
2025-01-02 22:03:42 - Math_mode - INFO - 矩陣初始化成功，維度為 2x2
2025-01-02 22:03:42 - Math_mode - INFO - 獲取矩陣第 0 行: [1 2]
2025-01-02 22:03:42 - Math_mode - INFO - 設定矩陣第 0 行為: [5, 6]
2025-01-02 22:03:42 - Math_mode - INFO - 獲取矩陣第 0 行: [5 6]
2025-01-02 22:03:42 - Math_mode - INFO - 矩陣初始化成功，維度為 2x2
2025-01-02 22:03:42 - Math_mode - ERROR - 矩陣初始化失敗: 所有行的長度必須相同
2025-01-02 22:03:42 - Math_mode - ERROR - 矩陣初始化失敗: 輸入必須是二維列表
2025-01-02 22:03:42 - Math_mode - INFO - 向量初始化成功
2025-01-02 22:03:42 - Math_mode - INFO - 向量初始化成功
2025-01-02 22:03:42 - Math_mode - INFO - 內積計算成功: 32
2025-01-02 22:03:42 - Math_mode - INFO - 外積計算成功
2025-01-02 22:03:42 - Math_mode - INFO - 向量初始化成功
2025-01-02 22:03:42 - Math_mode - INFO - 向量初始化成功
2025-01-02 22:03:42 - Math_mode - INFO - 範數計算成功: 5.0
2025-01-02 22:03:42 - Math_mode - INFO - 向量正規化成功
2025-01-02 22:03:42 - Math_mode - INFO - 向量初始化成功
2025-01-02 22:03:42 - Math_mode - INFO - 向量初始化成功
2025-01-02 22:03:42 - Math_mode - INFO - 範數計算成功: 5.0
2025-01-02 22:03:42 - Math_mode - INFO - 向量初始化成功
2025-01-02 22:03:42 - Math_mode - INFO - 向量初始化成功
2025-01-02 22:03:42 - Math_mode - INFO - 內積計算成功: 0
2025-01-02 22:03:42 - Math_mode - INFO - 範數計算成功: 1.0
2025-01-02 22:03:42 - Math_mode - INFO - 範數計算成功: 1.0
2025-01-02 22:03:42 - Math_mode - INFO - 夾角計算成功: 1.5707963267948966 弧度
2025-01-02 22:03:42 - Math_mode - INFO - 向量初始化成功
2025-01-02 22:03:42 - Math_mode - INFO - 向量初始化成功
2025-01-02 22:03:42 - Math_mode - INFO - 範數計算成功: 1.0
2025-01-02 22:03:42 - Math_mode - INFO - 內積計算成功: 3
2025-01-02 22:03:42 - Math_mode - INFO - 範數計算成功: 1.0
2025-01-02 22:03:42 - Math_mode - INFO - 投影計算成功
2025-01-02 22:03:42 - Math_mode - INFO - 向量初始化成功
