2025-01-02 22:04:27 - SortAlgo - INFO - 初始化排序類，數組長度: 7
2025-01-02 22:04:27 - SortAlgo - INFO - 初始化排序類，數組長度: 7
2025-01-02 22:04:27 - SortAlgo - INFO - 開始氣泡排序，排序方向: 升序
2025-01-02 22:04:27 - SortAlgo - INFO - 氣泡排序完成
2025-01-02 22:04:27 - SortAlgo - INFO - 開始氣泡排序，排序方向: 降序
2025-01-02 22:04:27 - SortAlgo - INFO - 氣泡排序完成
2025-01-02 22:04:27 - SortAlgo - INFO - 初始化排序類，數組長度: 7
2025-01-02 22:04:27 - SortAlgo - INFO - 開始快速排序，排序方向: 升序
2025-01-02 22:04:27 - SortAlgo - INFO - 快速排序完成
2025-01-02 22:04:27 - SortAlgo - INFO - 開始快速排序，排序方向: 降序
2025-01-02 22:04:27 - SortAlgo - INFO - 快速排序完成
2025-01-02 22:04:27 - SortAlgo - INFO - 初始化排序類，數組長度: 7
2025-01-02 22:04:27 - SortAlgo - INFO - 開始插入排序，排序方向: 升序
2025-01-02 22:04:27 - SortAlgo - INFO - 插入排序完成
2025-01-02 22:04:27 - SortAlgo - INFO - 開始插入排序，排序方向: 降序
2025-01-02 22:04:27 - SortAlgo - INFO - 插入排序完成
2025-01-02 22:04:27 - SortAlgo - INFO - 初始化排序類，數組長度: 7
2025-01-02 22:04:27 - SortAlgo - INFO - 開始合併排序，排序方向: 升序
2025-01-02 22:04:27 - SortAlgo - INFO - 合併排序完成
2025-01-02 22:04:27 - SortAlgo - INFO - 開始合併排序，排序方向: 降序
2025-01-02 22:04:27 - SortAlgo - INFO - 合併排序完成
2025-01-02 22:04:27 - SortAlgo - INFO - 初始化排序類，數組長度: 0
2025-01-02 22:04:27 - SortAlgo - INFO - 開始氣泡排序，排序方向: 升序
2025-01-02 22:04:27 - SortAlgo - INFO - 氣泡排序完成
2025-01-02 22:04:27 - SortAlgo - INFO - 開始快速排序，排序方向: 升序
2025-01-02 22:04:27 - SortAlgo - INFO - 快速排序完成
2025-01-02 22:04:27 - SortAlgo - INFO - 開始插入排序，排序方向: 升序
2025-01-02 22:04:27 - SortAlgo - INFO - 插入排序完成
2025-01-02 22:04:27 - SortAlgo - INFO - 開始合併排序，排序方向: 升序
2025-01-02 22:04:27 - SortAlgo - INFO - 合併排序完成
2025-01-02 22:04:27 - SortAlgo - INFO - 初始化排序類，數組長度: 1
2025-01-02 22:04:27 - SortAlgo - INFO - 開始氣泡排序，排序方向: 升序
2025-01-02 22:04:27 - SortAlgo - INFO - 氣泡排序完成
2025-01-02 22:04:27 - SortAlgo - INFO - 開始快速排序，排序方向: 升序
2025-01-02 22:04:27 - SortAlgo - INFO - 快速排序完成
2025-01-02 22:04:27 - SortAlgo - INFO - 開始插入排序，排序方向: 升序
2025-01-02 22:04:27 - SortAlgo - INFO - 插入排序完成
2025-01-02 22:04:27 - SortAlgo - INFO - 開始合併排序，排序方向: 升序
2025-01-02 22:04:27 - SortAlgo - INFO - 合併排序完成
2025-01-02 22:04:27 - SortAlgo - INFO - 初始化排序類，數組長度: 11
2025-01-02 22:04:27 - SortAlgo - INFO - 開始氣泡排序，排序方向: 升序
2025-01-02 22:04:27 - SortAlgo - INFO - 氣泡排序完成
2025-01-02 22:04:27 - SortAlgo - INFO - 開始氣泡排序，排序方向: 降序
2025-01-02 22:04:27 - SortAlgo - INFO - 氣泡排序完成
2025-01-02 22:04:27 - SortAlgo - INFO - 開始快速排序，排序方向: 升序
2025-01-02 22:04:27 - SortAlgo - INFO - 快速排序完成
2025-01-02 22:04:27 - SortAlgo - INFO - 開始快速排序，排序方向: 降序
2025-01-02 22:04:27 - SortAlgo - INFO - 快速排序完成
2025-01-02 22:04:27 - SortAlgo - INFO - 開始插入排序，排序方向: 升序
2025-01-02 22:04:27 - SortAlgo - INFO - 插入排序完成
2025-01-02 22:04:27 - SortAlgo - INFO - 開始插入排序，排序方向: 降序
2025-01-02 22:04:27 - SortAlgo - INFO - 插入排序完成
2025-01-02 22:04:27 - SortAlgo - INFO - 開始合併排序，排序方向: 升序
2025-01-02 22:04:27 - SortAlgo - INFO - 合併排序完成
2025-01-02 22:04:27 - SortAlgo - INFO - 開始合併排序，排序方向: 降序
2025-01-02 22:04:27 - SortAlgo - INFO - 合併排序完成
2025-01-02 22:04:27 - SortAlgo - INFO - 初始化排序類，數組長度: 5
2025-01-02 22:04:27 - SortAlgo - INFO - 開始氣泡排序，排序方向: 升序
2025-01-02 22:04:27 - SortAlgo - INFO - 氣泡排序完成
2025-01-02 22:04:27 - SortAlgo - INFO - 開始快速排序，排序方向: 升序
2025-01-02 22:04:27 - SortAlgo - INFO - 快速排序完成
2025-01-02 22:04:27 - SortAlgo - INFO - 開始插入排序，排序方向: 升序
2025-01-02 22:04:27 - SortAlgo - INFO - 插入排序完成
2025-01-02 22:04:27 - SortAlgo - INFO - 開始合併排序，排序方向: 升序
2025-01-02 22:04:27 - SortAlgo - INFO - 合併排序完成
2025-01-02 22:04:27 - SortAlgo - INFO - 初始化排序類，數組長度: 5
2025-01-02 22:04:27 - SortAlgo - INFO - 開始氣泡排序，排序方向: 升序
2025-01-02 22:04:27 - SortAlgo - INFO - 氣泡排序完成
2025-01-02 22:04:27 - SortAlgo - INFO - 開始快速排序，排序方向: 升序
2025-01-02 22:04:27 - SortAlgo - INFO - 快速排序完成
2025-01-02 22:04:27 - SortAlgo - INFO - 開始插入排序，排序方向: 升序
2025-01-02 22:04:27 - SortAlgo - INFO - 插入排序完成
2025-01-02 22:04:27 - SortAlgo - INFO - 開始合併排序，排序方向: 升序
2025-01-02 22:04:27 - SortAlgo - INFO - 合併排序完成
