2025-01-02 22:04:28 - Structure - INFO - 創建新的二元樹實例
2025-01-02 22:04:28 - Structure - DEBUG - 根節點初始化為 None
2025-01-02 22:04:28 - Structure - INFO - 創建新的二元樹實例
2025-01-02 22:04:28 - Structure - DEBUG - 根節點初始化為 None
2025-01-02 22:04:28 - Structure - DEBUG - 創建新節點，值為: 5
2025-01-02 22:04:28 - Structure - INFO - 插入根節點: 5
2025-01-02 22:04:28 - Structure - DEBUG - 樹的高度現在為 1
2025-01-02 22:04:28 - Structure - DEBUG - 正在遞迴比較節點 5 與待插入值 3
2025-01-02 22:04:28 - Structure - DEBUG - 創建新節點，值為: 3
2025-01-02 22:04:28 - Structure - INFO - 在節點 5 的左側插入值 3
2025-01-02 22:04:28 - Structure - DEBUG - 完成插入操作
2025-01-02 22:04:28 - Structure - DEBUG - 正在遞迴比較節點 5 與待插入值 7
2025-01-02 22:04:28 - Structure - DEBUG - 創建新節點，值為: 7
2025-01-02 22:04:28 - Structure - INFO - 在節點 5 的右側插入值 7
2025-01-02 22:04:28 - Structure - DEBUG - 完成插入操作
2025-01-02 22:04:28 - Structure - INFO - 開始搜尋值 5
2025-01-02 22:04:28 - Structure - DEBUG - 正在比較節點值 5 與搜尋值 5
2025-01-02 22:04:28 - Structure - INFO - 找到目標值 5
2025-01-02 22:04:28 - Structure - INFO - 成功找到值 5
2025-01-02 22:04:28 - Structure - INFO - 開始搜尋值 3
2025-01-02 22:04:28 - Structure - DEBUG - 正在比較節點值 5 與搜尋值 3
2025-01-02 22:04:28 - Structure - DEBUG - 在左子樹繼續搜尋 3
2025-01-02 22:04:28 - Structure - DEBUG - 正在比較節點值 3 與搜尋值 3
2025-01-02 22:04:28 - Structure - INFO - 找到目標值 3
2025-01-02 22:04:28 - Structure - INFO - 成功找到值 3
2025-01-02 22:04:28 - Structure - INFO - 開始搜尋值 7
2025-01-02 22:04:28 - Structure - DEBUG - 正在比較節點值 5 與搜尋值 7
2025-01-02 22:04:28 - Structure - DEBUG - 在右子樹繼續搜尋 7
2025-01-02 22:04:28 - Structure - DEBUG - 正在比較節點值 7 與搜尋值 7
2025-01-02 22:04:28 - Structure - INFO - 找到目標值 7
2025-01-02 22:04:28 - Structure - INFO - 成功找到值 7
2025-01-02 22:04:28 - Structure - INFO - 開始搜尋值 10
2025-01-02 22:04:28 - Structure - DEBUG - 正在比較節點值 5 與搜尋值 10
2025-01-02 22:04:28 - Structure - DEBUG - 在右子樹繼續搜尋 10
2025-01-02 22:04:28 - Structure - DEBUG - 正在比較節點值 7 與搜尋值 10
2025-01-02 22:04:28 - Structure - DEBUG - 在右子樹繼續搜尋 10
2025-01-02 22:04:28 - Structure - DEBUG - 到達空節點，未找到值 10
2025-01-02 22:04:28 - Structure - WARNING - 未找到值 10
2025-01-02 22:04:28 - Structure - INFO - 創建新的二元樹實例
2025-01-02 22:04:28 - Structure - DEBUG - 根節點初始化為 None
2025-01-02 22:04:28 - Structure - DEBUG - 創建新節點，值為: 5
2025-01-02 22:04:28 - Structure - INFO - 插入根節點: 5
2025-01-02 22:04:28 - Structure - DEBUG - 樹的高度現在為 1
2025-01-02 22:04:28 - Structure - DEBUG - 正在遞迴比較節點 5 與待插入值 3
2025-01-02 22:04:28 - Structure - DEBUG - 創建新節點，值為: 3
2025-01-02 22:04:28 - Structure - INFO - 在節點 5 的左側插入值 3
2025-01-02 22:04:28 - Structure - DEBUG - 完成插入操作
2025-01-02 22:04:28 - Structure - DEBUG - 正在遞迴比較節點 5 與待插入值 7
2025-01-02 22:04:28 - Structure - DEBUG - 創建新節點，值為: 7
2025-01-02 22:04:28 - Structure - INFO - 在節點 5 的右側插入值 7
2025-01-02 22:04:28 - Structure - DEBUG - 完成插入操作
2025-01-02 22:04:28 - Structure - DEBUG - 正在遞迴比較節點 5 與待插入值 2
2025-01-02 22:04:28 - Structure - DEBUG - 繼續在左子樹尋找插入位置，當前節點值: 5
2025-01-02 22:04:28 - Structure - DEBUG - 正在遞迴比較節點 3 與待插入值 2
2025-01-02 22:04:28 - Structure - DEBUG - 創建新節點，值為: 2
2025-01-02 22:04:28 - Structure - INFO - 在節點 3 的左側插入值 2
2025-01-02 22:04:28 - Structure - DEBUG - 完成插入操作
2025-01-02 22:04:28 - Structure - DEBUG - 正在遞迴比較節點 5 與待插入值 4
2025-01-02 22:04:28 - Structure - DEBUG - 繼續在左子樹尋找插入位置，當前節點值: 5
2025-01-02 22:04:28 - Structure - DEBUG - 正在遞迴比較節點 3 與待插入值 4
2025-01-02 22:04:28 - Structure - DEBUG - 創建新節點，值為: 4
2025-01-02 22:04:28 - Structure - INFO - 在節點 3 的右側插入值 4
2025-01-02 22:04:28 - Structure - DEBUG - 完成插入操作
2025-01-02 22:04:28 - Structure - INFO - 中序遍歷結果: [2, 3, 4, 5, 7]
2025-01-02 22:04:28 - Structure - INFO - 前序遍歷結果: [5, 3, 2, 4, 7]
2025-01-02 22:04:28 - Structure - INFO - 層序遍歷結果: [[5], [3, 7], [2, 4]]
2025-01-02 22:04:28 - Structure - INFO - 創建新的二元樹實例
2025-01-02 22:04:28 - Structure - DEBUG - 根節點初始化為 None
2025-01-02 22:04:28 - Structure - DEBUG - 創建新節點，值為: 1
2025-01-02 22:04:28 - Structure - INFO - 插入根節點: 1
2025-01-02 22:04:28 - Structure - DEBUG - 樹的高度現在為 1
2025-01-02 22:04:28 - Structure - DEBUG - 正在遞迴比較節點 1 與待插入值 2
2025-01-02 22:04:28 - Structure - DEBUG - 創建新節點，值為: 2
2025-01-02 22:04:28 - Structure - INFO - 在節點 1 的右側插入值 2
2025-01-02 22:04:28 - Structure - DEBUG - 完成插入操作
2025-01-02 22:04:28 - Structure - DEBUG - 正在遞迴比較節點 1 與待插入值 3
2025-01-02 22:04:28 - Structure - DEBUG - 繼續在右子樹尋找插入位置，當前節點值: 1
2025-01-02 22:04:28 - Structure - DEBUG - 正在遞迴比較節點 2 與待插入值 3
2025-01-02 22:04:28 - Structure - DEBUG - 創建新節點，值為: 3
2025-01-02 22:04:28 - Structure - INFO - 在節點 2 的右側插入值 3
2025-01-02 22:04:28 - Structure - DEBUG - 完成插入操作
2025-01-02 22:04:28 - Structure - INFO - 創建新的二元樹實例
2025-01-02 22:04:28 - Structure - DEBUG - 根節點初始化為 None
2025-01-02 22:04:28 - Structure - DEBUG - 創建新節點，值為: 1
2025-01-02 22:04:28 - Structure - DEBUG - 創建新節點，值為: 2
2025-01-02 22:04:28 - Structure - DEBUG - 創建新節點，值為: 3
2025-01-02 22:04:28 - Structure - INFO - 中序遍歷結果: [1, 2, 3]
2025-01-02 22:04:28 - Structure - INFO - 中序遍歷結果: [1, 2, 3]
2025-01-02 22:04:28 - Structure - INFO - 佇列初始化成功
2025-01-02 22:04:28 - Structure - INFO - 元素 1 加入佇列
2025-01-02 22:04:28 - Structure - INFO - 元素 2 加入佇列
2025-01-02 22:04:28 - Structure - INFO - 元素 1 從佇列移除
2025-01-02 22:04:28 - Structure - INFO - 佇列初始化成功
2025-01-02 22:04:28 - Structure - INFO - 元素 1 加入佇列
2025-01-02 22:04:28 - Structure - INFO - 元素 2 加入佇列
2025-01-02 22:04:28 - Structure - ERROR - 佇列已滿
2025-01-02 22:04:28 - Structure - INFO - 佇列初始化成功
2025-01-02 22:04:28 - Structure - ERROR - 佇列為空
2025-01-02 22:04:28 - Structure - INFO - 鏈結串列初始化成功
2025-01-02 22:04:28 - Structure - INFO - 添加首個節點: 1
2025-01-02 22:04:28 - Structure - INFO - 添加節點到尾部: 2
2025-01-02 22:04:28 - Structure - INFO - 添加節點到尾部: 3
2025-01-02 22:04:28 - Structure - INFO - 鏈結串列內容: [1, 2, 3]
2025-01-02 22:04:28 - Structure - INFO - 找到節點: 2
2025-01-02 22:04:28 - Structure - INFO - 未找到節點: 4
2025-01-02 22:04:28 - Structure - INFO - 刪除節點: 2
2025-01-02 22:04:28 - Structure - INFO - 鏈結串列內容: [1, 3]
2025-01-02 22:04:28 - Structure - INFO - 未找到要刪除的節點: 4
2025-01-02 22:04:28 - Structure - INFO - 圖結構初始化成功
2025-01-02 22:04:28 - Structure - INFO - 新增節點: A
2025-01-02 22:04:28 - Structure - INFO - 新增節點: B
2025-01-02 22:04:28 - Structure - INFO - 新增邊: A -> B
2025-01-02 22:04:28 - Structure - INFO - 刪除邊: A -> B
2025-01-02 22:04:28 - Structure - INFO - 刪除節點: B
